  TextRPG_2.cpp
C:\Users\marco\source\repos\TextRPG_2\TextRPG_2\TextRPG_2.cpp(540,1): warning C4102: "start": Unreferenzierte Bezeichnung
C:\Users\marco\source\repos\TextRPG_2\TextRPG_2\TextRPG_2.cpp(703,30): warning C4267: "=": Konvertierung von "size_t" nach "int", Datenverlust möglich
C:\Users\marco\source\repos\TextRPG_2\TextRPG_2\TextRPG_2.cpp(798,30): warning C4267: "=": Konvertierung von "size_t" nach "int", Datenverlust möglich
C:\Users\marco\source\repos\TextRPG_2\TextRPG_2\TextRPG_2.cpp(916,20): warning C4244: "Initialisierung": Konvertierung von "float" in "int", möglicher Datenverlust
C:\Users\marco\source\repos\TextRPG_2\TextRPG_2\TextRPG_2.cpp(946,34): warning C4244: "Argument": Konvertierung von "int" in "float", möglicher Datenverlust
C:\Users\marco\source\repos\TextRPG_2\TextRPG_2\TextRPG_2.cpp(946,17): warning C4244: "Argument": Konvertierung von "int" in "float", möglicher Datenverlust
C:\Users\marco\source\repos\TextRPG_2\TextRPG_2\TextRPG_2.cpp(967,28): warning C4244: "Argument": Konvertierung von "int" in "float", möglicher Datenverlust
C:\Users\marco\source\repos\TextRPG_2\TextRPG_2\TextRPG_2.cpp(967,17): warning C4244: "Argument": Konvertierung von "int" in "float", möglicher Datenverlust
C:\Users\marco\source\repos\TextRPG_2\TextRPG_2\TextRPG_2.cpp(1298,39): warning C4244: "Argument": Konvertierung von "int" in "float", möglicher Datenverlust
C:\Users\marco\source\repos\TextRPG_2\TextRPG_2\TextRPG_2.cpp(1298,21): warning C4244: "Argument": Konvertierung von "int" in "float", möglicher Datenverlust
C:\Users\marco\source\repos\TextRPG_2\TextRPG_2\TextRPG_2.cpp(1299,38): warning C4244: "Argument": Konvertierung von "int" in "float", möglicher Datenverlust
C:\Users\marco\source\repos\TextRPG_2\TextRPG_2\TextRPG_2.cpp(1299,21): warning C4244: "Argument": Konvertierung von "int" in "float", möglicher Datenverlust
C:\Users\marco\source\repos\TextRPG_2\TextRPG_2\TextRPG_2.cpp(1454,1): warning C4102: "start": Unreferenzierte Bezeichnung
C:\Users\marco\source\repos\TextRPG_2\TextRPG_2\TextRPG_2.cpp(1596,23): warning C4267: "Initialisierung": Konvertierung von "size_t" nach "int", Datenverlust möglich
C:\Users\marco\source\repos\TextRPG_2\TextRPG_2\TextRPG_2.cpp(1879,33): warning C4244: "Argument": Konvertierung von "int" in "float", möglicher Datenverlust
C:\Users\marco\source\repos\TextRPG_2\TextRPG_2\TextRPG_2.cpp(1884,33): warning C4244: "Argument": Konvertierung von "int" in "float", möglicher Datenverlust
C:\Users\marco\source\repos\TextRPG_2\TextRPG_2\TextRPG_2.cpp(1889,33): warning C4244: "Argument": Konvertierung von "int" in "float", möglicher Datenverlust
C:\Users\marco\source\repos\TextRPG_2\TextRPG_2\TextRPG_2.cpp(1894,33): warning C4244: "Argument": Konvertierung von "int" in "float", möglicher Datenverlust
  Code wird generiert.
  147 of 1052 functions (14.0%) were compiled, the rest were copied from previous compilation.
    10 functions were new in current compilation
    95 functions had inline decision re-evaluated but remain unchanged
  Codegenerierung ist abgeschlossen.
  TextRPG_2.vcxproj -> C:\Users\marco\source\repos\TextRPG_2\x64\Release\TextRPG_2.exe
